This is pdfTeX, Version 3.1415926-2.3-1.40.12 (TeX Live 2011/MacPorts 2011_5) (format=pdflatex 2011.8.24)  8 MAY 2012 10:05
entering extended mode
 restricted \write18 enabled.
 %&-line parsing enabled.
**\input joshua.tex
(./joshua.tex (/opt/local/share/texmf-texlive-dist/tex/latex/base/article.cls
Document Class: article 2007/10/19 v1.4h Standard LaTeX document class
(/opt/local/share/texmf-texlive-dist/tex/latex/base/size11.clo
File: size11.clo 2007/10/19 v1.4h Standard LaTeX file (size option)
)
\c@part=\count79
\c@section=\count80
\c@subsection=\count81
\c@subsubsection=\count82
\c@paragraph=\count83
\c@subparagraph=\count84
\c@figure=\count85
\c@table=\count86
\abovecaptionskip=\skip41
\belowcaptionskip=\skip42
\bibindent=\dimen102
)
(./naaclhlt2012.sty
Conference Style for NAACL-HLT 2012 -- released August 30, 2011
\titlebox=\skip43
) (/opt/local/share/texmf-texlive-dist/tex/latex/psnfss/times.sty
Package: times 2005/04/12 PSNFSS-v9.2a (SPQR) 
)
(/opt/local/share/texmf-texlive-dist/tex/latex/base/latexsym.sty
Package: latexsym 1998/08/17 v2.2e Standard LaTeX package (lasy symbols)
\symlasy=\mathgroup4
LaTeX Font Info:    Overwriting symbol font `lasy' in version `bold'
(Font)                  U/lasy/m/n --> U/lasy/b/n on input line 47.
)
(/opt/local/share/texmf-texlive-dist/tex/latex/amsmath/amsmath.sty
Package: amsmath 2000/07/18 v2.13 AMS math features
\@mathmargin=\skip44

For additional information on amsmath, use the `?' option.
(/opt/local/share/texmf-texlive-dist/tex/latex/amsmath/amstext.sty
Package: amstext 2000/06/29 v2.01

(/opt/local/share/texmf-texlive-dist/tex/latex/amsmath/amsgen.sty
File: amsgen.sty 1999/11/30 v2.0
\@emptytoks=\toks14
\ex@=\dimen103
))
(/opt/local/share/texmf-texlive-dist/tex/latex/amsmath/amsbsy.sty
Package: amsbsy 1999/11/29 v1.2d
\pmbraise@=\dimen104
)
(/opt/local/share/texmf-texlive-dist/tex/latex/amsmath/amsopn.sty
Package: amsopn 1999/12/14 v2.01 operator names
)
\inf@bad=\count87
LaTeX Info: Redefining \frac on input line 211.
\uproot@=\count88
\leftroot@=\count89
LaTeX Info: Redefining \overline on input line 307.
\classnum@=\count90
\DOTSCASE@=\count91
LaTeX Info: Redefining \ldots on input line 379.
LaTeX Info: Redefining \dots on input line 382.
LaTeX Info: Redefining \cdots on input line 467.
\Mathstrutbox@=\box26
\strutbox@=\box27
\big@size=\dimen105
LaTeX Font Info:    Redeclaring font encoding OML on input line 567.
LaTeX Font Info:    Redeclaring font encoding OMS on input line 568.
\macc@depth=\count92
\c@MaxMatrixCols=\count93
\dotsspace@=\muskip10
\c@parentequation=\count94
\dspbrk@lvl=\count95
\tag@help=\toks15
\row@=\count96
\column@=\count97
\maxfields@=\count98
\andhelp@=\toks16
\eqnshift@=\dimen106
\alignsep@=\dimen107
\tagshift@=\dimen108
\tagwidth@=\dimen109
\totwidth@=\dimen110
\lineht@=\dimen111
\@envbody=\toks17
\multlinegap=\skip45
\multlinetaggap=\skip46
\mathdisplay@stack=\toks18
LaTeX Info: Redefining \[ on input line 2666.
LaTeX Info: Redefining \] on input line 2667.
)
(/opt/local/share/texmf-texlive-dist/tex/latex/multirow/multirow.sty
\bigstrutjot=\dimen112
)
(/opt/local/share/texmf-texlive-dist/tex/latex/tools/array.sty
Package: array 2008/09/09 v2.4c Tabular extension package (FMi)
\col@sep=\dimen113
\extrarowheight=\dimen114
\NC@list=\toks19
\extratabsurround=\skip47
\backup@length=\skip48
)
(/opt/local/share/texmf-texlive-dist/tex/latex/url/url.sty
\Urlmuskip=\muskip11
Package: url 2006/04/12  ver 3.3  Verb mode for urls, etc.
)
(/opt/local/share/texmf-texlive-dist/tex/latex/graphics/graphicx.sty
Package: graphicx 1999/02/16 v1.0f Enhanced LaTeX Graphics (DPC,SPQR)

(/opt/local/share/texmf-texlive-dist/tex/latex/graphics/keyval.sty
Package: keyval 1999/03/16 v1.13 key=value parser (DPC)
\KV@toks@=\toks20
)
(/opt/local/share/texmf-texlive-dist/tex/latex/graphics/graphics.sty
Package: graphics 2009/02/05 v1.0o Standard LaTeX Graphics (DPC,SPQR)

(/opt/local/share/texmf-texlive-dist/tex/latex/graphics/trig.sty
Package: trig 1999/03/16 v1.09 sin cos tan (DPC)
)
(/opt/local/share/texmf-texlive-dist/tex/latex/latexconfig/graphics.cfg
File: graphics.cfg 2010/04/23 v1.9 graphics configuration of TeX Live
)
Package graphics Info: Driver file: pdftex.def on input line 91.

(/opt/local/share/texmf-texlive-dist/tex/latex/pdftex-def/pdftex.def
File: pdftex.def 2011/05/27 v0.06d Graphics/color for pdfTeX

(/opt/local/share/texmf-texlive-dist/tex/generic/oberdiek/infwarerr.sty
Package: infwarerr 2010/04/08 v1.3 Providing info/warning/message (HO)
)
(/opt/local/share/texmf-texlive-dist/tex/generic/oberdiek/ltxcmds.sty
Package: ltxcmds 2011/04/18 v1.20 LaTeX kernel commands for general use (HO)
)
\Gread@gobject=\count99
))
\Gin@req@height=\dimen115
\Gin@req@width=\dimen116
)
(/opt/local/share/texmf-texlive-dist/tex/latex/subfig/subfig.sty
Package: subfig 2005/06/28 ver: 1.3 subfig package

(/opt/local/share/texmf-texlive-dist/tex/latex/caption/caption.sty
Package: caption 2010/01/09 v3.1m Customizing captions (AR)

(/opt/local/share/texmf-texlive-dist/tex/latex/caption/caption3.sty
Package: caption3 2010/01/14 v3.1m caption3 kernel (AR)
\captionmargin=\dimen117
\captionmargin@=\dimen118
\captionwidth=\dimen119
\caption@indent=\dimen120
\caption@parindent=\dimen121
\caption@hangindent=\dimen122
Package caption Info: Unknown document class (or package),
(caption)             standard defaults will be used on input line 1084.
)

Package caption Warning: Unsupported document class (or package) detected,
(caption)                usage of the caption package is not recommended.
See the caption package documentation for explanation.

Package caption Info: \@makecaption = \long macro:#1->\@@makecaption {\small #1
}.
\c@ContinuedFloat=\count100
)
\c@KVtest=\count101
\sf@farskip=\skip49
\sf@captopadj=\dimen123
\sf@capskip=\skip50
\sf@nearskip=\skip51
\c@subfigure=\count102
\c@subfigure@save=\count103
\c@lofdepth=\count104
\c@subtable=\count105
\c@subtable@save=\count106
\c@lotdepth=\count107
\sf@top=\skip52
\sf@bottom=\skip53
) (/opt/local/share/texmf-texlive-dist/tex/latex/marvosym/marvosym.sty
Package: marvosym 2006/05/11 v2.1 Martin Vogel's Symbols font definitions
)
(/opt/local/share/texmf-texlive-dist/tex/latex/todonotes/todonotes.sty
Package: todonotes 2011/04/21 .dtx Todonotes source and documentation.
Package: todonotes 2011/04/21

(/opt/local/share/texmf-texlive-dist/tex/latex/base/ifthen.sty
Package: ifthen 2001/05/26 v1.1c Standard LaTeX ifthen package (DPC)
)
(/opt/local/share/texmf-texlive-dist/tex/latex/xkeyval/xkeyval.sty
Package: xkeyval 2008/08/13 v2.6a package option processing (HA)

(/opt/local/share/texmf-texlive-dist/tex/generic/xkeyval/xkeyval.tex
\XKV@toks=\toks21
\XKV@tempa@toks=\toks22
\XKV@depth=\count108
File: xkeyval.tex 2008/08/13 v2.6a key=value parser (HA)
))
(/opt/local/share/texmf-texlive-dist/tex/latex/xcolor/xcolor.sty
Package: xcolor 2007/01/21 v2.11 LaTeX color extensions (UK)

(/opt/local/share/texmf-texlive-dist/tex/latex/latexconfig/color.cfg
File: color.cfg 2007/01/18 v1.5 color configuration of teTeX/TeXLive
)
Package xcolor Info: Driver file: pdftex.def on input line 225.
Package xcolor Info: Model `cmy' substituted by `cmy0' on input line 1337.
Package xcolor Info: Model `hsb' substituted by `rgb' on input line 1341.
Package xcolor Info: Model `RGB' extended on input line 1353.
Package xcolor Info: Model `HTML' substituted by `rgb' on input line 1355.
Package xcolor Info: Model `Hsb' substituted by `hsb' on input line 1356.
Package xcolor Info: Model `tHsb' substituted by `hsb' on input line 1357.
Package xcolor Info: Model `HSB' substituted by `hsb' on input line 1358.
Package xcolor Info: Model `Gray' substituted by `gray' on input line 1359.
Package xcolor Info: Model `wave' substituted by `hsb' on input line 1360.
)
(/opt/local/share/texmf/tex/latex/pgf/frontendlayer/tikz.sty
(/opt/local/share/texmf/tex/latex/pgf/basiclayer/pgf.sty
(/opt/local/share/texmf/tex/latex/pgf/utilities/pgfrcs.sty
(/opt/local/share/texmf/tex/generic/pgf/utilities/pgfutil-common.tex
\pgfutil@everybye=\toks23
)
(/opt/local/share/texmf/tex/generic/pgf/utilities/pgfutil-latex.def
\pgfutil@abb=\box28

(/opt/local/share/texmf-texlive-dist/tex/latex/ms/everyshi.sty
Package: everyshi 2001/05/15 v3.00 EveryShipout Package (MS)
))
(/opt/local/share/texmf/tex/generic/pgf/utilities/pgfrcs.code.tex
Package: pgfrcs 2010/10/25 v2.10 (rcs-revision 1.24)
))
Package: pgf 2008/01/15 v2.10 (rcs-revision 1.12)

(/opt/local/share/texmf/tex/latex/pgf/basiclayer/pgfcore.sty
(/opt/local/share/texmf/tex/latex/pgf/systemlayer/pgfsys.sty
(/opt/local/share/texmf/tex/generic/pgf/systemlayer/pgfsys.code.tex
Package: pgfsys 2010/06/30 v2.10 (rcs-revision 1.37)

(/opt/local/share/texmf/tex/generic/pgf/utilities/pgfkeys.code.tex
\pgfkeys@pathtoks=\toks24
\pgfkeys@temptoks=\toks25

(/opt/local/share/texmf/tex/generic/pgf/utilities/pgfkeysfiltered.code.tex
\pgfkeys@tmptoks=\toks26
))
\pgf@x=\dimen124
\pgf@y=\dimen125
\pgf@xa=\dimen126
\pgf@ya=\dimen127
\pgf@xb=\dimen128
\pgf@yb=\dimen129
\pgf@xc=\dimen130
\pgf@yc=\dimen131
\w@pgf@writea=\write3
\r@pgf@reada=\read1
\c@pgf@counta=\count109
\c@pgf@countb=\count110
\c@pgf@countc=\count111
\c@pgf@countd=\count112

(/opt/local/share/texmf/tex/generic/pgf/systemlayer/pgf.cfg
File: pgf.cfg 2008/05/14  (rcs-revision 1.7)
)
Package pgfsys Info: Driver file for pgf: pgfsys-pdftex.def on input line 900.

(/opt/local/share/texmf/tex/generic/pgf/systemlayer/pgfsys-pdftex.def
File: pgfsys-pdftex.def 2009/05/22  (rcs-revision 1.26)

(/opt/local/share/texmf/tex/generic/pgf/systemlayer/pgfsys-common-pdf.def
File: pgfsys-common-pdf.def 2008/05/19  (rcs-revision 1.10)
)))
(/opt/local/share/texmf/tex/generic/pgf/systemlayer/pgfsyssoftpath.code.tex
File: pgfsyssoftpath.code.tex 2008/07/18  (rcs-revision 1.7)
\pgfsyssoftpath@smallbuffer@items=\count113
\pgfsyssoftpath@bigbuffer@items=\count114
)
(/opt/local/share/texmf/tex/generic/pgf/systemlayer/pgfsysprotocol.code.tex
File: pgfsysprotocol.code.tex 2006/10/16  (rcs-revision 1.4)
))
(/opt/local/share/texmf/tex/generic/pgf/basiclayer/pgfcore.code.tex
Package: pgfcore 2010/04/11 v2.10 (rcs-revision 1.7)

(/opt/local/share/texmf/tex/generic/pgf/math/pgfmath.code.tex
(/opt/local/share/texmf/tex/generic/pgf/math/pgfmathcalc.code.tex
(/opt/local/share/texmf/tex/generic/pgf/math/pgfmathutil.code.tex)
(/opt/local/share/texmf/tex/generic/pgf/math/pgfmathparser.code.tex
\pgfmath@dimen=\dimen132
\pgfmath@count=\count115
\pgfmath@box=\box29
\pgfmath@toks=\toks27
\pgfmath@stack@operand=\toks28
\pgfmath@stack@operation=\toks29
)
(/opt/local/share/texmf/tex/generic/pgf/math/pgfmathfunctions.code.tex
(/opt/local/share/texmf/tex/generic/pgf/math/pgfmathfunctions.basic.code.tex)
(/opt/local/share/texmf/tex/generic/pgf/math/pgfmathfunctions.trigonometric.cod
e.tex)
(/opt/local/share/texmf/tex/generic/pgf/math/pgfmathfunctions.random.code.tex)
(/opt/local/share/texmf/tex/generic/pgf/math/pgfmathfunctions.comparison.code.t
ex) (/opt/local/share/texmf/tex/generic/pgf/math/pgfmathfunctions.base.code.tex
) (/opt/local/share/texmf/tex/generic/pgf/math/pgfmathfunctions.round.code.tex)
(/opt/local/share/texmf/tex/generic/pgf/math/pgfmathfunctions.misc.code.tex)))
(/opt/local/share/texmf/tex/generic/pgf/math/pgfmathfloat.code.tex
\c@pgfmathroundto@lastzeros=\count116
))
(/opt/local/share/texmf/tex/generic/pgf/basiclayer/pgfcorepoints.code.tex
File: pgfcorepoints.code.tex 2010/04/09  (rcs-revision 1.20)
\pgf@picminx=\dimen133
\pgf@picmaxx=\dimen134
\pgf@picminy=\dimen135
\pgf@picmaxy=\dimen136
\pgf@pathminx=\dimen137
\pgf@pathmaxx=\dimen138
\pgf@pathminy=\dimen139
\pgf@pathmaxy=\dimen140
\pgf@xx=\dimen141
\pgf@xy=\dimen142
\pgf@yx=\dimen143
\pgf@yy=\dimen144
\pgf@zx=\dimen145
\pgf@zy=\dimen146
)
(/opt/local/share/texmf/tex/generic/pgf/basiclayer/pgfcorepathconstruct.code.te
x
File: pgfcorepathconstruct.code.tex 2010/08/03  (rcs-revision 1.24)
\pgf@path@lastx=\dimen147
\pgf@path@lasty=\dimen148
) (/opt/local/share/texmf/tex/generic/pgf/basiclayer/pgfcorepathusage.code.tex
File: pgfcorepathusage.code.tex 2008/04/22  (rcs-revision 1.12)
\pgf@shorten@end@additional=\dimen149
\pgf@shorten@start@additional=\dimen150
) (/opt/local/share/texmf/tex/generic/pgf/basiclayer/pgfcorescopes.code.tex
File: pgfcorescopes.code.tex 2010/09/08  (rcs-revision 1.34)
\pgfpic=\box30
\pgf@hbox=\box31
\pgf@layerbox@main=\box32
\pgf@picture@serial@count=\count117
)
(/opt/local/share/texmf/tex/generic/pgf/basiclayer/pgfcoregraphicstate.code.tex
File: pgfcoregraphicstate.code.tex 2008/04/22  (rcs-revision 1.9)
\pgflinewidth=\dimen151
)
(/opt/local/share/texmf/tex/generic/pgf/basiclayer/pgfcoretransformations.code.
tex
File: pgfcoretransformations.code.tex 2009/06/10  (rcs-revision 1.11)
\pgf@pt@x=\dimen152
\pgf@pt@y=\dimen153
\pgf@pt@temp=\dimen154
) (/opt/local/share/texmf/tex/generic/pgf/basiclayer/pgfcorequick.code.tex
File: pgfcorequick.code.tex 2008/10/09  (rcs-revision 1.3)
)
(/opt/local/share/texmf/tex/generic/pgf/basiclayer/pgfcoreobjects.code.tex
File: pgfcoreobjects.code.tex 2006/10/11  (rcs-revision 1.2)
)
(/opt/local/share/texmf/tex/generic/pgf/basiclayer/pgfcorepathprocessing.code.t
ex
File: pgfcorepathprocessing.code.tex 2008/10/09  (rcs-revision 1.8)
) (/opt/local/share/texmf/tex/generic/pgf/basiclayer/pgfcorearrows.code.tex
File: pgfcorearrows.code.tex 2008/04/23  (rcs-revision 1.11)
)
(/opt/local/share/texmf/tex/generic/pgf/basiclayer/pgfcoreshade.code.tex
File: pgfcoreshade.code.tex 2008/11/23  (rcs-revision 1.13)
\pgf@max=\dimen155
\pgf@sys@shading@range@num=\count118
)
(/opt/local/share/texmf/tex/generic/pgf/basiclayer/pgfcoreimage.code.tex
File: pgfcoreimage.code.tex 2010/03/25  (rcs-revision 1.16)

(/opt/local/share/texmf/tex/generic/pgf/basiclayer/pgfcoreexternal.code.tex
File: pgfcoreexternal.code.tex 2010/09/01  (rcs-revision 1.17)
\pgfexternal@startupbox=\box33
))
(/opt/local/share/texmf/tex/generic/pgf/basiclayer/pgfcorelayers.code.tex
File: pgfcorelayers.code.tex 2010/08/27  (rcs-revision 1.2)
)
(/opt/local/share/texmf/tex/generic/pgf/basiclayer/pgfcoretransparency.code.tex
File: pgfcoretransparency.code.tex 2008/01/17  (rcs-revision 1.2)
) (/opt/local/share/texmf/tex/generic/pgf/basiclayer/pgfcorepatterns.code.tex
File: pgfcorepatterns.code.tex 2009/07/02  (rcs-revision 1.3)
))) (/opt/local/share/texmf/tex/generic/pgf/modules/pgfmoduleshapes.code.tex
File: pgfmoduleshapes.code.tex 2010/09/09  (rcs-revision 1.13)
\pgfnodeparttextbox=\box34
)
(/opt/local/share/texmf/tex/generic/pgf/modules/pgfmoduleplot.code.tex
File: pgfmoduleplot.code.tex 2010/10/22  (rcs-revision 1.8)
)
(/opt/local/share/texmf/tex/latex/pgf/compatibility/pgfcomp-version-0-65.sty
Package: pgfcomp-version-0-65 2007/07/03 v2.10 (rcs-revision 1.7)
\pgf@nodesepstart=\dimen156
\pgf@nodesepend=\dimen157
)
(/opt/local/share/texmf/tex/latex/pgf/compatibility/pgfcomp-version-1-18.sty
Package: pgfcomp-version-1-18 2007/07/23 v2.10 (rcs-revision 1.1)
))
(/opt/local/share/texmf/tex/latex/pgf/utilities/pgffor.sty
(/opt/local/share/texmf/tex/latex/pgf/utilities/pgfkeys.sty
(/opt/local/share/texmf/tex/generic/pgf/utilities/pgfkeys.code.tex))
(/opt/local/share/texmf/tex/generic/pgf/utilities/pgffor.code.tex
Package: pgffor 2010/03/23 v2.10 (rcs-revision 1.18)
\pgffor@iter=\dimen158
\pgffor@skip=\dimen159
\pgffor@stack=\toks30
\pgffor@toks=\toks31
))
(/opt/local/share/texmf/tex/generic/pgf/frontendlayer/tikz/tikz.code.tex
Package: tikz 2010/10/13 v2.10 (rcs-revision 1.76)

(/opt/local/share/texmf/tex/generic/pgf/libraries/pgflibraryplothandlers.code.t
ex
File: pgflibraryplothandlers.code.tex 2010/05/31 v2.10 (rcs-revision 1.15)
\pgf@plot@mark@count=\count119
\pgfplotmarksize=\dimen160
)
\tikz@lastx=\dimen161
\tikz@lasty=\dimen162
\tikz@lastxsaved=\dimen163
\tikz@lastysaved=\dimen164
\tikzleveldistance=\dimen165
\tikzsiblingdistance=\dimen166
\tikz@figbox=\box35
\tikz@tempbox=\box36
\tikztreelevel=\count120
\tikznumberofchildren=\count121
\tikznumberofcurrentchild=\count122
\tikz@fig@count=\count123
 (/opt/local/share/texmf/tex/generic/pgf/modules/pgfmodulematrix.code.tex
File: pgfmodulematrix.code.tex 2010/08/24  (rcs-revision 1.4)
\pgfmatrixcurrentrow=\count124
\pgfmatrixcurrentcolumn=\count125
\pgf@matrix@numberofcolumns=\count126
)
\tikz@expandcount=\count127

(/opt/local/share/texmf/tex/generic/pgf/frontendlayer/tikz/libraries/tikzlibrar
ytopaths.code.tex
File: tikzlibrarytopaths.code.tex 2008/06/17 v2.10 (rcs-revision 1.2)
)))
(/opt/local/share/texmf-texlive-dist/tex/latex/tools/calc.sty
Package: calc 2007/08/22 v4.3 Infix arithmetic (KKT,FJ)
\calc@Acount=\count128
\calc@Bcount=\count129
\calc@Adimen=\dimen167
\calc@Bdimen=\dimen168
\calc@Askip=\skip54
\calc@Bskip=\skip55
LaTeX Info: Redefining \setlength on input line 76.
LaTeX Info: Redefining \addtolength on input line 77.
\calc@Ccount=\count130
\calc@Cskip=\skip56
)
\c@@todonotes@numberoftodonotes=\count131
) (./joshua.aux

LaTeX Warning: Label `fig:speed' multiply defined.

)
\openout1 = `joshua.aux'.

LaTeX Font Info:    Checking defaults for OML/cmm/m/it on input line 39.
LaTeX Font Info:    ... okay on input line 39.
LaTeX Font Info:    Checking defaults for T1/cmr/m/n on input line 39.
LaTeX Font Info:    ... okay on input line 39.
LaTeX Font Info:    Checking defaults for OT1/cmr/m/n on input line 39.
LaTeX Font Info:    ... okay on input line 39.
LaTeX Font Info:    Checking defaults for OMS/cmsy/m/n on input line 39.
LaTeX Font Info:    ... okay on input line 39.
LaTeX Font Info:    Checking defaults for OMX/cmex/m/n on input line 39.
LaTeX Font Info:    ... okay on input line 39.
LaTeX Font Info:    Checking defaults for U/cmr/m/n on input line 39.
LaTeX Font Info:    ... okay on input line 39.
LaTeX Font Info:    Try loading font information for OT1+ptm on input line 39.
 (/opt/local/share/texmf-texlive-dist/tex/latex/psnfss/ot1ptm.fd
File: ot1ptm.fd 2001/06/04 font definitions for OT1/ptm.
)
(/opt/local/share/texmf-texlive-dist/tex/context/base/supp-pdf.mkii
[Loading MPS to PDF converter (version 2006.09.02).]
\scratchcounter=\count132
\scratchdimen=\dimen169
\scratchbox=\box37
\nofMPsegments=\count133
\nofMParguments=\count134
\everyMPshowfont=\toks32
\MPscratchCnt=\count135
\MPscratchDim=\dimen170
\MPnumerator=\count136
\makeMPintoPDFobject=\count137
\everyMPtoPDFconversion=\toks33
) (/opt/local/share/texmf-texlive-dist/tex/generic/oberdiek/pdftexcmds.sty
Package: pdftexcmds 2011/04/22 v0.16 Utilities of pdfTeX for LuaTeX (HO)

(/opt/local/share/texmf-texlive-dist/tex/generic/oberdiek/ifluatex.sty
Package: ifluatex 2010/03/01 v1.3 Provides the ifluatex switch (HO)
Package ifluatex Info: LuaTeX not detected.
)
(/opt/local/share/texmf-texlive-dist/tex/generic/oberdiek/ifpdf.sty
Package: ifpdf 2011/01/30 v2.3 Provides the ifpdf switch (HO)
Package ifpdf Info: pdfTeX in PDF mode is detected.
)
Package pdftexcmds Info: LuaTeX not detected.
Package pdftexcmds Info: \pdf@primitive is available.
Package pdftexcmds Info: \pdf@ifprimitive is available.
Package pdftexcmds Info: \pdfdraftmode found.
)
(/opt/local/share/texmf-texlive-dist/tex/latex/oberdiek/epstopdf-base.sty
Package: epstopdf-base 2010/02/09 v2.5 Base part for package epstopdf

(/opt/local/share/texmf-texlive-dist/tex/latex/oberdiek/grfext.sty
Package: grfext 2010/08/19 v1.1 Managing graphics extensions (HO)

(/opt/local/share/texmf-texlive-dist/tex/generic/oberdiek/kvdefinekeys.sty
Package: kvdefinekeys 2011/04/07 v1.3 Defining keys (HO)
))
(/opt/local/share/texmf-texlive-dist/tex/latex/oberdiek/kvoptions.sty
Package: kvoptions 2010/12/23 v3.10 Keyval support for LaTeX options (HO)

(/opt/local/share/texmf-texlive-dist/tex/generic/oberdiek/kvsetkeys.sty
Package: kvsetkeys 2011/04/07 v1.13 Key value parser (HO)

(/opt/local/share/texmf-texlive-dist/tex/generic/oberdiek/etexcmds.sty
Package: etexcmds 2011/02/16 v1.5 Prefix for e-TeX command names (HO)
Package etexcmds Info: Could not find \expanded.
(etexcmds)             That can mean that you are not using pdfTeX 1.50 or
(etexcmds)             that some package has redefined \expanded.
(etexcmds)             In the latter case, load this package earlier.
)))
Package grfext Info: Graphics extension search list:
(grfext)             [.png,.pdf,.jpg,.mps,.jpeg,.jbig2,.jb2,.PNG,.PDF,.JPG,.JPE
G,.JBIG2,.JB2,.eps]
(grfext)             \AppendGraphicsExtensions on input line 452.

(/opt/local/share/texmf-texlive-dist/tex/latex/latexconfig/epstopdf-sys.cfg
File: epstopdf-sys.cfg 2010/07/13 v1.3 Configuration of (r)epstopdf for TeX Liv
e
))
Package caption Info: Begin \AtBeginDocument code.
Package caption3 Info: subfig package 1.2 or 1.3 is loaded.
LaTeX Info: Redefining \subref on input line 39.
Package caption Info: End \AtBeginDocument code.

ABD: EveryShipout initializing macros
LaTeX Font Info:    Font shape `OT1/ptm/bx/n' in size <14.4> not available
(Font)              Font shape `OT1/ptm/b/n' tried instead on input line 40.
LaTeX Font Info:    Try loading font information for U+lasy on input line 40.

(/opt/local/share/texmf-texlive-dist/tex/latex/base/ulasy.fd
File: ulasy.fd 1998/08/17 v2.2e LaTeX symbol font definitions
)
LaTeX Font Info:    Font shape `OT1/ptm/bx/n' in size <12> not available
(Font)              Font shape `OT1/ptm/b/n' tried instead on input line 40.
LaTeX Font Info:    Font shape `OT1/ptm/bx/n' in size <8> not available
(Font)              Font shape `OT1/ptm/b/n' tried instead on input line 40.
LaTeX Font Info:    Font shape `OT1/ptm/bx/n' in size <6> not available
(Font)              Font shape `OT1/ptm/b/n' tried instead on input line 40.
LaTeX Font Info:    Try loading font information for OT1+pcr on input line 56.

(/opt/local/share/texmf-texlive-dist/tex/latex/psnfss/ot1pcr.fd
File: ot1pcr.fd 2001/06/04 font definitions for OT1/pcr.
)
Underfull \hbox (badness 1221) in paragraph at lines 83--92
\OT1/ptm/m/n/10.95 pivoting-based para-phrase ex-trac-tion into Thrax,
 []

[1{/opt/local/var/db/texmf/fonts/map/pdftex/updmap/pdftex.map}




]
LaTeX Font Info:    Font shape `OT1/ptm/bx/n' in size <10.95> not available
(Font)              Font shape `OT1/ptm/b/n' tried instead on input line 133.

<figures/packed_structure.pdf, id=12, 1294.8375pt x 634.37pt>
File: figures/packed_structure.pdf Graphic file (type pdf)

<use figures/packed_structure.pdf>
Package pdftex.def Info: figures/packed_structure.pdf used on input line 148.
(pdftex.def)             Requested size: 422.77661pt x 207.12608pt.
 [2]
Underfull \hbox (badness 1019) in paragraph at lines 250--260
\OT1/ptm/m/n/10.95 com-pres-sion, value de-cod-ing speed and trans-la-
 []

[3 <./figures/packed_structure.pdf>]
Underfull \hbox (badness 1383) in paragraph at lines 288--298
\OT1/ptm/m/n/10.95 We as-sess the packed gram-mar rep-re-sen-ta-tion's
 []


Underfull \hbox (badness 1097) in paragraph at lines 288--298
\OT1/ptm/m/n/10.95 mem-ory ef-fi-ciency and im-pact on the de-cod-ing
 []

<figures/progress.pdf, id=65, 361.35pt x 216.81pt>
File: figures/progress.pdf Graphic file (type pdf)
 <use figures/progress.pdf>
Package pdftex.def Info: figures/progress.pdf used on input line 301.
(pdftex.def)             Requested size: 225.37534pt x 135.2247pt.

[4 <./figures/progress.pdf>]
<figures/mt03_10feat.pdf, id=73, 444.66125pt x 349.305pt>
File: figures/mt03_10feat.pdf Graphic file (type pdf)

<use figures/mt03_10feat.pdf>
Package pdftex.def Info: figures/mt03_10feat.pdf used on input line 385.
(pdftex.def)             Requested size: 140.92792pt x 110.70322pt.

<figures/mt04_10feat.pdf, id=74, 444.66125pt x 349.305pt>
File: figures/mt04_10feat.pdf Graphic file (type pdf)

<use figures/mt04_10feat.pdf>
Package pdftex.def Info: figures/mt04_10feat.pdf used on input line 386.
(pdftex.def)             Requested size: 140.92792pt x 110.70322pt.

<figures/mt05_10feat.pdf, id=75, 444.66125pt x 349.305pt>
File: figures/mt05_10feat.pdf Graphic file (type pdf)

<use figures/mt05_10feat.pdf>
Package pdftex.def Info: figures/mt05_10feat.pdf used on input line 387.
(pdftex.def)             Requested size: 140.92792pt x 110.70322pt.

<figures/mt03_1026feat.pdf, id=76, 460.72125pt x 349.305pt>
File: figures/mt03_1026feat.pdf Graphic file (type pdf)

<use figures/mt03_1026feat.pdf>
Package pdftex.def Info: figures/mt03_1026feat.pdf used on input line 388.
(pdftex.def)             Requested size: 140.92792pt x 106.84433pt.

<figures/mt04_1026feat.pdf, id=77, 460.72125pt x 349.305pt>
File: figures/mt04_1026feat.pdf Graphic file (type pdf)

<use figures/mt04_1026feat.pdf>
Package pdftex.def Info: figures/mt04_1026feat.pdf used on input line 389.
(pdftex.def)             Requested size: 140.92792pt x 106.84433pt.

<figures/mt05_1026feat.pdf, id=78, 460.72125pt x 349.305pt>
File: figures/mt05_1026feat.pdf Graphic file (type pdf)

<use figures/mt05_1026feat.pdf>
Package pdftex.def Info: figures/mt05_1026feat.pdf used on input line 390.
(pdftex.def)             Requested size: 140.92792pt x 106.84433pt.
LaTeX Font Info:    Try loading font information for OMS+ptm on input line 413.


(/opt/local/share/texmf-texlive-dist/tex/latex/psnfss/omsptm.fd
File: omsptm.fd 
)
LaTeX Font Info:    Font shape `OMS/ptm/m/n' in size <10.95> not available
(Font)              Font shape `OMS/cmsy/m/n' tried instead on input line 413.

Underfull \hbox (badness 1005) in paragraph at lines 413--415
[]\OT1/ptm/m/it/10.95 Perceptron \OT1/ptm/m/n/10.95 (Rosen-blatt, 1958): the pe
r-cep-
 []


Underfull \hbox (badness 2512) in paragraph at lines 419--422
[]\OT1/ptm/m/it/10.95 Maximum en-tropy clas-si-fier \OT1/ptm/m/n/10.95 (Man-nin
g and
 []

[5]
Underfull \vbox (badness 10000) has occurred while \output is active []

 [6 <./figures/mt03_10feat.pdf> <./figures/mt04_10feat.pdf> <./figures/mt05_10f
eat.pdf> <./figures/mt03_1026feat.pdf> <./figures/mt04_1026feat.pdf> <./figures
/mt05_1026feat.pdf>]
Underfull \vbox (badness 10000) has occurred while \output is active []

 [7]
(./joshua.bbl
Underfull \hbox (badness 6032) in paragraph at lines 38--44
[]\OT1/ptm/m/n/10 Juri Gan-itke-vitch, Chris Callison-Burch, Court-ney
 []

[8]
Underfull \hbox (badness 2418) in paragraph at lines 73--80
\OT1/ptm/m/n/10 itke-vitch, Ann Irvine, San-jeev Khu-dan-pur, Lane
 []


Underfull \hbox (badness 4479) in paragraph at lines 73--80
\OT1/ptm/m/n/10 Schwartz, Wren N.G. Thorn-ton, Ziyuan Wang,
 []


Underfull \hbox (badness 2486) in paragraph at lines 132--138
[]\OT1/ptm/m/n/10 Jonathan Weese, Juri Gan-itke-vitch, Chris Callison-
 []

) [9] (./joshua.aux)

LaTeX Warning: There were multiply-defined labels.

 ) 
Here is how much of TeX's memory you used:
 12474 strings out of 493633
 228746 string characters out of 3142994
 284515 words of memory out of 3000000
 15466 multiletter control sequences out of 15000+200000
 34400 words of font info for 79 fonts, out of 3000000 for 9000
 831 hyphenation exceptions out of 8191
 63i,14n,73p,425b,411s stack positions out of 5000i,500n,10000p,200000b,50000s
{/opt/local/share/texmf-texlive-dist/fonts/enc/dvips/base/8r.enc}</opt/local/
share/texmf-texlive-dist/fonts/type1/public/amsfonts/cm/cmbx10.pfb></opt/local/
share/texmf-texlive-dist/fonts/type1/public/amsfonts/cm/cmmi10.pfb></opt/local/
share/texmf-texlive-dist/fonts/type1/public/amsfonts/cm/cmmi8.pfb></opt/local/s
hare/texmf-texlive-dist/fonts/type1/public/amsfonts/cm/cmr10.pfb></opt/local/sh
are/texmf-texlive-dist/fonts/type1/public/amsfonts/cm/cmr8.pfb></opt/local/shar
e/texmf-texlive-dist/fonts/type1/public/amsfonts/cm/cmsy10.pfb></opt/local/shar
e/texmf-texlive-dist/fonts/type1/public/amsfonts/cm/cmti10.pfb></opt/local/shar
e/texmf-texlive-dist/fonts/type1/urw/courier/ucrr8a.pfb></opt/local/share/texmf
-texlive-dist/fonts/type1/urw/times/utmb8a.pfb></opt/local/share/texmf-texlive-
dist/fonts/type1/urw/times/utmr8a.pfb></opt/local/share/texmf-texlive-dist/font
s/type1/urw/times/utmri8a.pfb>
Output written on joshua.pdf (9 pages, 223562 bytes).
PDF statistics:
 180 PDF objects out of 1000 (max. 8388607)
 125 compressed objects within 2 object streams
 0 named destinations out of 1000 (max. 500000)
 53 words of extra memory for PDF output out of 10000 (max. 10000000)

